<?xml version="1.0" encoding="UTF-8"?>
<testsuite xmlns:xsi="http://www.w3.org/2001/XMLSchema-instance" xsi:noNamespaceSchemaLocation="https://maven.apache.org/surefire/maven-surefire-plugin/xsd/surefire-test-report.xsd" name="usertests.CreatedUserTests" time="2.081" tests="3" errors="0" skipped="0" failures="0">
  <properties>
[...]
</properties>
  <testcase name="createCourierSuccessfulTest" classname="usertests.CreatedUserTests" time="0.73"/>
  <testcase name="createDoubleCouriersTest" classname="usertests.CreatedUserTests" time="1.055"/>
  <testcase name="createCourierWithoutPasswordTest" classname="usertests.CreatedUserTests" time="0.294"/>
</testsuite>